  main.cpp
z:\fps_0\tankflanker\dxlib_vc\dx_vc\effekseer.h(3064): warning C4100: 'textureType': 引数は関数の本体部で 1 度も参照されません。
z:\fps_0\tankflanker\dxlib_vc\dx_vc\effekseer.h(3064): warning C4100: 'path': 引数は関数の本体部で 1 度も参照されません。
z:\fps_0\tankflanker\dxlib_vc\dx_vc\effekseer.h(3083): warning C4100: 'textureType': 引数は関数の本体部で 1 度も参照されません。
z:\fps_0\tankflanker\dxlib_vc\dx_vc\effekseer.h(3083): warning C4100: 'size': 引数は関数の本体部で 1 度も参照されません。
z:\fps_0\tankflanker\dxlib_vc\dx_vc\effekseer.h(3083): warning C4100: 'data': 引数は関数の本体部で 1 度も参照されません。
z:\fps_0\tankflanker\dxlib_vc\dx_vc\effekseer.h(3092): warning C4100: 'data': 引数は関数の本体部で 1 度も参照されません。
z:\fps_0\tankflanker\dxlib_vc\dx_vc\effekseer.h(3142): warning C4100: 'path': 引数は関数の本体部で 1 度も参照されません。
z:\fps_0\tankflanker\dxlib_vc\dx_vc\effekseer.h(3158): warning C4100: 'size': 引数は関数の本体部で 1 度も参照されません。
z:\fps_0\tankflanker\dxlib_vc\dx_vc\effekseer.h(3158): warning C4100: 'data': 引数は関数の本体部で 1 度も参照されません。
z:\fps_0\tankflanker\dxlib_vc\dx_vc\effekseer.h(3167): warning C4100: 'data': 引数は関数の本体部で 1 度も参照されません。
z:\fps_0\tankflanker\dxlib_vc\dx_vc\effekseer.h(3219): warning C4100: 'path': 引数は関数の本体部で 1 度も参照されません。
z:\fps_0\tankflanker\dxlib_vc\dx_vc\effekseer.h(3238): warning C4100: 'fileType': 引数は関数の本体部で 1 度も参照されません。
z:\fps_0\tankflanker\dxlib_vc\dx_vc\effekseer.h(3238): warning C4100: 'size': 引数は関数の本体部で 1 度も参照されません。
z:\fps_0\tankflanker\dxlib_vc\dx_vc\effekseer.h(3238): warning C4100: 'data': 引数は関数の本体部で 1 度も参照されません。
z:\fps_0\tankflanker\dxlib_vc\dx_vc\effekseer.h(3248): warning C4100: 'data': 引数は関数の本体部で 1 度も参照されません。
z:\fps_0\tankflanker\dxlib_vc\dx_vc\effekseer.h(3702): warning C4100: 'path': 引数は関数の本体部で 1 度も参照されません。
z:\fps_0\tankflanker\dxlib_vc\dx_vc\effekseer.h(3718): warning C4100: 'size': 引数は関数の本体部で 1 度も参照されません。
z:\fps_0\tankflanker\dxlib_vc\dx_vc\effekseer.h(3718): warning C4100: 'data': 引数は関数の本体部で 1 度も参照されません。
z:\fps_0\tankflanker\dxlib_vc\dx_vc\effekseer.h(3727): warning C4100: 'source': 引数は関数の本体部で 1 度も参照されません。
z:\fps_0\tankflanker\dxlib_vc\dx_vc\effekseerrendererdx11.h(398): warning C4100: 'commandList': 引数は関数の本体部で 1 度も参照されません。
z:\fps_0\tankflanker\dxlib_vc\dx_vc\effekseerrendererdx11.h(415): warning C4100: 'type': 引数は関数の本体部で 1 度も参照されません。
z:\fps_0\tankflanker\dxlib_vc\dx_vc\effekseerrendererdx11.h(422): warning C4100: 'data': 引数は関数の本体部で 1 度も参照されません。
z:\fps_0\tankflanker\tankflanker\main.cpp(10): warning C4100: 'nShowCmd': 引数は関数の本体部で 1 度も参照されません。
z:\fps_0\tankflanker\tankflanker\main.cpp(10): warning C4100: 'lpCmdLine': 引数は関数の本体部で 1 度も参照されません。
z:\fps_0\tankflanker\tankflanker\main.cpp(10): warning C4100: 'hPrevInstance': 引数は関数の本体部で 1 度も参照されません。
z:\fps_0\tankflanker\tankflanker\main.cpp(10): warning C4100: 'hInstance': 引数は関数の本体部で 1 度も参照されません。
  TankFlanker.vcxproj -> Z:\FPS_0\TankFlanker\x64\Debug\FPS_0.exe
