  main.cpp
z:\life_game\game\dxlib_vc\dx_vc\effekseer.h(3064): warning C4100: 'textureType': 引数は関数の本体部で 1 度も参照されません。
z:\life_game\game\dxlib_vc\dx_vc\effekseer.h(3064): warning C4100: 'path': 引数は関数の本体部で 1 度も参照されません。
z:\life_game\game\dxlib_vc\dx_vc\effekseer.h(3083): warning C4100: 'textureType': 引数は関数の本体部で 1 度も参照されません。
z:\life_game\game\dxlib_vc\dx_vc\effekseer.h(3083): warning C4100: 'size': 引数は関数の本体部で 1 度も参照されません。
z:\life_game\game\dxlib_vc\dx_vc\effekseer.h(3083): warning C4100: 'data': 引数は関数の本体部で 1 度も参照されません。
z:\life_game\game\dxlib_vc\dx_vc\effekseer.h(3092): warning C4100: 'data': 引数は関数の本体部で 1 度も参照されません。
z:\life_game\game\dxlib_vc\dx_vc\effekseer.h(3142): warning C4100: 'path': 引数は関数の本体部で 1 度も参照されません。
z:\life_game\game\dxlib_vc\dx_vc\effekseer.h(3158): warning C4100: 'size': 引数は関数の本体部で 1 度も参照されません。
z:\life_game\game\dxlib_vc\dx_vc\effekseer.h(3158): warning C4100: 'data': 引数は関数の本体部で 1 度も参照されません。
z:\life_game\game\dxlib_vc\dx_vc\effekseer.h(3167): warning C4100: 'data': 引数は関数の本体部で 1 度も参照されません。
z:\life_game\game\dxlib_vc\dx_vc\effekseer.h(3219): warning C4100: 'path': 引数は関数の本体部で 1 度も参照されません。
z:\life_game\game\dxlib_vc\dx_vc\effekseer.h(3238): warning C4100: 'fileType': 引数は関数の本体部で 1 度も参照されません。
z:\life_game\game\dxlib_vc\dx_vc\effekseer.h(3238): warning C4100: 'size': 引数は関数の本体部で 1 度も参照されません。
z:\life_game\game\dxlib_vc\dx_vc\effekseer.h(3238): warning C4100: 'data': 引数は関数の本体部で 1 度も参照されません。
z:\life_game\game\dxlib_vc\dx_vc\effekseer.h(3248): warning C4100: 'data': 引数は関数の本体部で 1 度も参照されません。
z:\life_game\game\dxlib_vc\dx_vc\effekseer.h(3702): warning C4100: 'path': 引数は関数の本体部で 1 度も参照されません。
z:\life_game\game\dxlib_vc\dx_vc\effekseer.h(3718): warning C4100: 'size': 引数は関数の本体部で 1 度も参照されません。
z:\life_game\game\dxlib_vc\dx_vc\effekseer.h(3718): warning C4100: 'data': 引数は関数の本体部で 1 度も参照されません。
z:\life_game\game\dxlib_vc\dx_vc\effekseer.h(3727): warning C4100: 'source': 引数は関数の本体部で 1 度も参照されません。
z:\life_game\game\dxlib_vc\dx_vc\effekseerrendererdx11.h(398): warning C4100: 'commandList': 引数は関数の本体部で 1 度も参照されません。
z:\life_game\game\dxlib_vc\dx_vc\effekseerrendererdx11.h(415): warning C4100: 'type': 引数は関数の本体部で 1 度も参照されません。
z:\life_game\game\dxlib_vc\dx_vc\effekseerrendererdx11.h(422): warning C4100: 'data': 引数は関数の本体部で 1 度も参照されません。
z:\life_game\game\tankflanker\main.cpp(9): warning C4100: 'nShowCmd': 引数は関数の本体部で 1 度も参照されません。
z:\life_game\game\tankflanker\main.cpp(9): warning C4100: 'lpCmdLine': 引数は関数の本体部で 1 度も参照されません。
z:\life_game\game\tankflanker\main.cpp(9): warning C4100: 'hPrevInstance': 引数は関数の本体部で 1 度も参照されません。
z:\life_game\game\tankflanker\main.cpp(9): warning C4100: 'hInstance': 引数は関数の本体部で 1 度も参照されません。
Effekseer_vs2017_x64_d.lib(Effekseer.Color.obj) : warning LNK4099: PDB 'Effekseer.pdb' が 'Effekseer_vs2017_x64_d.lib(Effekseer.Color.obj)' で、または 'Z:\life_game\game\x64\Debug\Effekseer.pdb' に見つかりません。デバッグ情報がないものとして、オブジェクトにリンクします。
Effekseer_vs2017_x64_d.lib(Effekseer.DefaultEffectLoader.obj) : warning LNK4099: PDB 'Effekseer.pdb' が 'Effekseer_vs2017_x64_d.lib(Effekseer.DefaultEffectLoader.obj)' で、または 'Z:\life_game\game\x64\Debug\Effekseer.pdb' に見つかりません。デバッグ情報がないものとして、オブジェクトにリンクします。
Effekseer_vs2017_x64_d.lib(Effekseer.DefaultFile.obj) : warning LNK4099: PDB 'Effekseer.pdb' が 'Effekseer_vs2017_x64_d.lib(Effekseer.DefaultFile.obj)' で、または 'Z:\life_game\game\x64\Debug\Effekseer.pdb' に見つかりません。デバッグ情報がないものとして、オブジェクトにリンクします。
Effekseer_vs2017_x64_d.lib(Effekseer.Effect.obj) : warning LNK4099: PDB 'Effekseer.pdb' が 'Effekseer_vs2017_x64_d.lib(Effekseer.Effect.obj)' で、または 'Z:\life_game\game\x64\Debug\Effekseer.pdb' に見つかりません。デバッグ情報がないものとして、オブジェクトにリンクします。
Effekseer_vs2017_x64_d.lib(Effekseer.EffectNode.obj) : warning LNK4099: PDB 'Effekseer.pdb' が 'Effekseer_vs2017_x64_d.lib(Effekseer.EffectNode.obj)' で、または 'Z:\life_game\game\x64\Debug\Effekseer.pdb' に見つかりません。デバッグ情報がないものとして、オブジェクトにリンクします。
Effekseer_vs2017_x64_d.lib(Effekseer.EffectNodeModel.obj) : warning LNK4099: PDB 'Effekseer.pdb' が 'Effekseer_vs2017_x64_d.lib(Effekseer.EffectNodeModel.obj)' で、または 'Z:\life_game\game\x64\Debug\Effekseer.pdb' に見つかりません。デバッグ情報がないものとして、オブジェクトにリンクします。
Effekseer_vs2017_x64_d.lib(Effekseer.EffectNodeRibbon.obj) : warning LNK4099: PDB 'Effekseer.pdb' が 'Effekseer_vs2017_x64_d.lib(Effekseer.EffectNodeRibbon.obj)' で、または 'Z:\life_game\game\x64\Debug\Effekseer.pdb' に見つかりません。デバッグ情報がないものとして、オブジェクトにリンクします。
Effekseer_vs2017_x64_d.lib(Effekseer.EffectNodeRing.obj) : warning LNK4099: PDB 'Effekseer.pdb' が 'Effekseer_vs2017_x64_d.lib(Effekseer.EffectNodeRing.obj)' で、または 'Z:\life_game\game\x64\Debug\Effekseer.pdb' に見つかりません。デバッグ情報がないものとして、オブジェクトにリンクします。
Effekseer_vs2017_x64_d.lib(Effekseer.EffectNodeSprite.obj) : warning LNK4099: PDB 'Effekseer.pdb' が 'Effekseer_vs2017_x64_d.lib(Effekseer.EffectNodeSprite.obj)' で、または 'Z:\life_game\game\x64\Debug\Effekseer.pdb' に見つかりません。デバッグ情報がないものとして、オブジェクトにリンクします。
Effekseer_vs2017_x64_d.lib(Effekseer.EffectNodeTrack.obj) : warning LNK4099: PDB 'Effekseer.pdb' が 'Effekseer_vs2017_x64_d.lib(Effekseer.EffectNodeTrack.obj)' で、または 'Z:\life_game\game\x64\Debug\Effekseer.pdb' に見つかりません。デバッグ情報がないものとして、オブジェクトにリンクします。
Effekseer_vs2017_x64_d.lib(Effekseer.FCurves.obj) : warning LNK4099: PDB 'Effekseer.pdb' が 'Effekseer_vs2017_x64_d.lib(Effekseer.FCurves.obj)' で、または 'Z:\life_game\game\x64\Debug\Effekseer.pdb' に見つかりません。デバッグ情報がないものとして、オブジェクトにリンクします。
Effekseer_vs2017_x64_d.lib(Effekseer.Instance.obj) : warning LNK4099: PDB 'Effekseer.pdb' が 'Effekseer_vs2017_x64_d.lib(Effekseer.Instance.obj)' で、または 'Z:\life_game\game\x64\Debug\Effekseer.pdb' に見つかりません。デバッグ情報がないものとして、オブジェクトにリンクします。
Effekseer_vs2017_x64_d.lib(Effekseer.InstanceChunk.obj) : warning LNK4099: PDB 'Effekseer.pdb' が 'Effekseer_vs2017_x64_d.lib(Effekseer.InstanceChunk.obj)' で、または 'Z:\life_game\game\x64\Debug\Effekseer.pdb' に見つかりません。デバッグ情報がないものとして、オブジェクトにリンクします。
Effekseer_vs2017_x64_d.lib(Effekseer.InstanceContainer.obj) : warning LNK4099: PDB 'Effekseer.pdb' が 'Effekseer_vs2017_x64_d.lib(Effekseer.InstanceContainer.obj)' で、または 'Z:\life_game\game\x64\Debug\Effekseer.pdb' に見つかりません。デバッグ情報がないものとして、オブジェクトにリンクします。
Effekseer_vs2017_x64_d.lib(Effekseer.InstanceGlobal.obj) : warning LNK4099: PDB 'Effekseer.pdb' が 'Effekseer_vs2017_x64_d.lib(Effekseer.InstanceGlobal.obj)' で、または 'Z:\life_game\game\x64\Debug\Effekseer.pdb' に見つかりません。デバッグ情報がないものとして、オブジェクトにリンクします。
Effekseer_vs2017_x64_d.lib(Effekseer.InstanceGroup.obj) : warning LNK4099: PDB 'Effekseer.pdb' が 'Effekseer_vs2017_x64_d.lib(Effekseer.InstanceGroup.obj)' で、または 'Z:\life_game\game\x64\Debug\Effekseer.pdb' に見つかりません。デバッグ情報がないものとして、オブジェクトにリンクします。
Effekseer_vs2017_x64_d.lib(Effekseer.InternalScript.obj) : warning LNK4099: PDB 'Effekseer.pdb' が 'Effekseer_vs2017_x64_d.lib(Effekseer.InternalScript.obj)' で、または 'Z:\life_game\game\x64\Debug\Effekseer.pdb' に見つかりません。デバッグ情報がないものとして、オブジェクトにリンクします。
Effekseer_vs2017_x64_d.lib(Effekseer.Manager.obj) : warning LNK4099: PDB 'Effekseer.pdb' が 'Effekseer_vs2017_x64_d.lib(Effekseer.Manager.obj)' で、または 'Z:\life_game\game\x64\Debug\Effekseer.pdb' に見つかりません。デバッグ情報がないものとして、オブジェクトにリンクします。
Effekseer_vs2017_x64_d.lib(Effekseer.Matrix44.obj) : warning LNK4099: PDB 'Effekseer.pdb' が 'Effekseer_vs2017_x64_d.lib(Effekseer.Matrix44.obj)' で、または 'Z:\life_game\game\x64\Debug\Effekseer.pdb' に見つかりません。デバッグ情報がないものとして、オブジェクトにリンクします。
Effekseer_vs2017_x64_d.lib(Effekseer.RectF.obj) : warning LNK4099: PDB 'Effekseer.pdb' が 'Effekseer_vs2017_x64_d.lib(Effekseer.RectF.obj)' で、または 'Z:\life_game\game\x64\Debug\Effekseer.pdb' に見つかりません。デバッグ情報がないものとして、オブジェクトにリンクします。
Effekseer_vs2017_x64_d.lib(Effekseer.Setting.obj) : warning LNK4099: PDB 'Effekseer.pdb' が 'Effekseer_vs2017_x64_d.lib(Effekseer.Setting.obj)' で、または 'Z:\life_game\game\x64\Debug\Effekseer.pdb' に見つかりません。デバッグ情報がないものとして、オブジェクトにリンクします。
Effekseer_vs2017_x64_d.lib(Effekseer.Server.obj) : warning LNK4099: PDB 'Effekseer.pdb' が 'Effekseer_vs2017_x64_d.lib(Effekseer.Server.obj)' で、または 'Z:\life_game\game\x64\Debug\Effekseer.pdb' に見つかりません。デバッグ情報がないものとして、オブジェクトにリンクします。
Effekseer_vs2017_x64_d.lib(Effekseer.Socket.obj) : warning LNK4099: PDB 'Effekseer.pdb' が 'Effekseer_vs2017_x64_d.lib(Effekseer.Socket.obj)' で、または 'Z:\life_game\game\x64\Debug\Effekseer.pdb' に見つかりません。デバッグ情報がないものとして、オブジェクトにリンクします。
Effekseer_vs2017_x64_d.lib(Effekseer.Vector2D.obj) : warning LNK4099: PDB 'Effekseer.pdb' が 'Effekseer_vs2017_x64_d.lib(Effekseer.Vector2D.obj)' で、または 'Z:\life_game\game\x64\Debug\Effekseer.pdb' に見つかりません。デバッグ情報がないものとして、オブジェクトにリンクします。
Effekseer_vs2017_x64_d.lib(Effekseer.Vector3D.obj) : warning LNK4099: PDB 'Effekseer.pdb' が 'Effekseer_vs2017_x64_d.lib(Effekseer.Vector3D.obj)' で、または 'Z:\life_game\game\x64\Debug\Effekseer.pdb' に見つかりません。デバッグ情報がないものとして、オブジェクトにリンクします。
Effekseer_vs2017_x64_d.lib(Culling3D.Grid.obj) : warning LNK4099: PDB 'Effekseer.pdb' が 'Effekseer_vs2017_x64_d.lib(Culling3D.Grid.obj)' で、または 'Z:\life_game\game\x64\Debug\Effekseer.pdb' に見つかりません。デバッグ情報がないものとして、オブジェクトにリンクします。
Effekseer_vs2017_x64_d.lib(Culling3D.Layer.obj) : warning LNK4099: PDB 'Effekseer.pdb' が 'Effekseer_vs2017_x64_d.lib(Culling3D.Layer.obj)' で、または 'Z:\life_game\game\x64\Debug\Effekseer.pdb' に見つかりません。デバッグ情報がないものとして、オブジェクトにリンクします。
Effekseer_vs2017_x64_d.lib(Culling3D.Matrix44.obj) : warning LNK4099: PDB 'Effekseer.pdb' が 'Effekseer_vs2017_x64_d.lib(Culling3D.Matrix44.obj)' で、または 'Z:\life_game\game\x64\Debug\Effekseer.pdb' に見つかりません。デバッグ情報がないものとして、オブジェクトにリンクします。
Effekseer_vs2017_x64_d.lib(Culling3D.ObjectInternal.obj) : warning LNK4099: PDB 'Effekseer.pdb' が 'Effekseer_vs2017_x64_d.lib(Culling3D.ObjectInternal.obj)' で、または 'Z:\life_game\game\x64\Debug\Effekseer.pdb' に見つかりません。デバッグ情報がないものとして、オブジェクトにリンクします。
Effekseer_vs2017_x64_d.lib(Culling3D.ReferenceObject.obj) : warning LNK4099: PDB 'Effekseer.pdb' が 'Effekseer_vs2017_x64_d.lib(Culling3D.ReferenceObject.obj)' で、または 'Z:\life_game\game\x64\Debug\Effekseer.pdb' に見つかりません。デバッグ情報がないものとして、オブジェクトにリンクします。
Effekseer_vs2017_x64_d.lib(Culling3D.Vector3DF.obj) : warning LNK4099: PDB 'Effekseer.pdb' が 'Effekseer_vs2017_x64_d.lib(Culling3D.Vector3DF.obj)' で、または 'Z:\life_game\game\x64\Debug\Effekseer.pdb' に見つかりません。デバッグ情報がないものとして、オブジェクトにリンクします。
Effekseer_vs2017_x64_d.lib(Culling3D.WorldInternal.obj) : warning LNK4099: PDB 'Effekseer.pdb' が 'Effekseer_vs2017_x64_d.lib(Culling3D.WorldInternal.obj)' で、または 'Z:\life_game\game\x64\Debug\Effekseer.pdb' に見つかりません。デバッグ情報がないものとして、オブジェクトにリンクします。
Effekseer_vs2017_x64_d.lib(Effekseer.Material.obj) : warning LNK4099: PDB 'Effekseer.pdb' が 'Effekseer_vs2017_x64_d.lib(Effekseer.Material.obj)' で、または 'Z:\life_game\game\x64\Debug\Effekseer.pdb' に見つかりません。デバッグ情報がないものとして、オブジェクトにリンクします。
Effekseer_vs2017_x64_d.lib(Effekseer.CompiledMaterial.obj) : warning LNK4099: PDB 'Effekseer.pdb' が 'Effekseer_vs2017_x64_d.lib(Effekseer.CompiledMaterial.obj)' で、または 'Z:\life_game\game\x64\Debug\Effekseer.pdb' に見つかりません。デバッグ情報がないものとして、オブジェクトにリンクします。
Effekseer_vs2017_x64_d.lib(Effekseer.EfkEfcFactory.obj) : warning LNK4099: PDB 'Effekseer.pdb' が 'Effekseer_vs2017_x64_d.lib(Effekseer.EfkEfcFactory.obj)' で、または 'Z:\life_game\game\x64\Debug\Effekseer.pdb' に見つかりません。デバッグ情報がないものとして、オブジェクトにリンクします。
Effekseer_vs2017_x64_d.lib(Effekseer.Parameters.obj) : warning LNK4099: PDB 'Effekseer.pdb' が 'Effekseer_vs2017_x64_d.lib(Effekseer.Parameters.obj)' で、または 'Z:\life_game\game\x64\Debug\Effekseer.pdb' に見つかりません。デバッグ情報がないものとして、オブジェクトにリンクします。
Effekseer_vs2017_x64_d.lib(Effekseer.CustomAllocator.obj) : warning LNK4099: PDB 'Effekseer.pdb' が 'Effekseer_vs2017_x64_d.lib(Effekseer.CustomAllocator.obj)' で、または 'Z:\life_game\game\x64\Debug\Effekseer.pdb' に見つかりません。デバッグ情報がないものとして、オブジェクトにリンクします。
Effekseer_vs2017_x64_d.lib(Effekseer.Mat43f.obj) : warning LNK4099: PDB 'Effekseer.pdb' が 'Effekseer_vs2017_x64_d.lib(Effekseer.Mat43f.obj)' で、または 'Z:\life_game\game\x64\Debug\Effekseer.pdb' に見つかりません。デバッグ情報がないものとして、オブジェクトにリンクします。
Effekseer_vs2017_x64_d.lib(Effekseer.Mat44f.obj) : warning LNK4099: PDB 'Effekseer.pdb' が 'Effekseer_vs2017_x64_d.lib(Effekseer.Mat44f.obj)' で、または 'Z:\life_game\game\x64\Debug\Effekseer.pdb' に見つかりません。デバッグ情報がないものとして、オブジェクトにリンクします。
Effekseer_vs2017_x64_d.lib(Effekseer.SIMDUtils.obj) : warning LNK4099: PDB 'Effekseer.pdb' が 'Effekseer_vs2017_x64_d.lib(Effekseer.SIMDUtils.obj)' で、または 'Z:\life_game\game\x64\Debug\Effekseer.pdb' に見つかりません。デバッグ情報がないものとして、オブジェクトにリンクします。
EffekseerRendererDX9_vs2017_x64_d.lib(EffekseerRenderer.CommonUtils.obj) : warning LNK4099: PDB 'EffekseerRendererDX9.pdb' が 'EffekseerRendererDX9_vs2017_x64_d.lib(EffekseerRenderer.CommonUtils.obj)' で、または 'Z:\life_game\game\x64\Debug\EffekseerRendererDX9.pdb' に見つかりません。デバッグ情報がないものとして、オブジェクトにリンクします。
EffekseerRendererDX9_vs2017_x64_d.lib(EffekseerRenderer.DDSTextureLoader.obj) : warning LNK4099: PDB 'EffekseerRendererDX9.pdb' が 'EffekseerRendererDX9_vs2017_x64_d.lib(EffekseerRenderer.DDSTextureLoader.obj)' で、または 'Z:\life_game\game\x64\Debug\EffekseerRendererDX9.pdb' に見つかりません。デバッグ情報がないものとして、オブジェクトにリンクします。
EffekseerRendererDX9_vs2017_x64_d.lib(EffekseerRenderer.DXTK.DDSTextureLoader.obj) : warning LNK4099: PDB 'EffekseerRendererDX9.pdb' が 'EffekseerRendererDX9_vs2017_x64_d.lib(EffekseerRenderer.DXTK.DDSTextureLoader.obj)' で、または 'Z:\life_game\game\x64\Debug\EffekseerRendererDX9.pdb' に見つかりません。デバッグ情報がないものとして、オブジェクトにリンクします。
EffekseerRendererDX9_vs2017_x64_d.lib(EffekseerRenderer.IndexBufferBase.obj) : warning LNK4099: PDB 'EffekseerRendererDX9.pdb' が 'EffekseerRendererDX9_vs2017_x64_d.lib(EffekseerRenderer.IndexBufferBase.obj)' で、または 'Z:\life_game\game\x64\Debug\EffekseerRendererDX9.pdb' に見つかりません。デバッグ情報がないものとして、オブジェクトにリンクします。
EffekseerRendererDX9_vs2017_x64_d.lib(EffekseerRenderer.PngTextureLoader.obj) : warning LNK4099: PDB 'EffekseerRendererDX9.pdb' が 'EffekseerRendererDX9_vs2017_x64_d.lib(EffekseerRenderer.PngTextureLoader.obj)' で、または 'Z:\life_game\game\x64\Debug\EffekseerRendererDX9.pdb' に見つかりません。デバッグ情報がないものとして、オブジェクトにリンクします。
EffekseerRendererDX9_vs2017_x64_d.lib(EffekseerRenderer.RenderStateBase.obj) : warning LNK4099: PDB 'EffekseerRendererDX9.pdb' が 'EffekseerRendererDX9_vs2017_x64_d.lib(EffekseerRenderer.RenderStateBase.obj)' で、または 'Z:\life_game\game\x64\Debug\EffekseerRendererDX9.pdb' に見つかりません。デバッグ情報がないものとして、オブジェクトにリンクします。
EffekseerRendererDX9_vs2017_x64_d.lib(EffekseerRenderer.Renderer.obj) : warning LNK4099: PDB 'EffekseerRendererDX9.pdb' が 'EffekseerRendererDX9_vs2017_x64_d.lib(EffekseerRenderer.Renderer.obj)' で、または 'Z:\life_game\game\x64\Debug\EffekseerRendererDX9.pdb' に見つかりません。デバッグ情報がないものとして、オブジェクトにリンクします。
EffekseerRendererDX9_vs2017_x64_d.lib(EffekseerRenderer.Renderer_Impl.obj) : warning LNK4099: PDB 'EffekseerRendererDX9.pdb' が 'EffekseerRendererDX9_vs2017_x64_d.lib(EffekseerRenderer.Renderer_Impl.obj)' で、または 'Z:\life_game\game\x64\Debug\EffekseerRendererDX9.pdb' に見つかりません。デバッグ情報がないものとして、オブジェクトにリンクします。
EffekseerRendererDX9_vs2017_x64_d.lib(EffekseerRenderer.VertexBufferBase.obj) : warning LNK4099: PDB 'EffekseerRendererDX9.pdb' が 'EffekseerRendererDX9_vs2017_x64_d.lib(EffekseerRenderer.VertexBufferBase.obj)' で、または 'Z:\life_game\game\x64\Debug\EffekseerRendererDX9.pdb' に見つかりません。デバッグ情報がないものとして、オブジェクトにリンクします。
EffekseerRendererDX9_vs2017_x64_d.lib(EffekseerRendererDX9.DeviceObject.obj) : warning LNK4099: PDB 'EffekseerRendererDX9.pdb' が 'EffekseerRendererDX9_vs2017_x64_d.lib(EffekseerRendererDX9.DeviceObject.obj)' で、または 'Z:\life_game\game\x64\Debug\EffekseerRendererDX9.pdb' に見つかりません。デバッグ情報がないものとして、オブジェクトにリンクします。
EffekseerRendererDX9_vs2017_x64_d.lib(EffekseerRendererDX9.IndexBuffer.obj) : warning LNK4099: PDB 'EffekseerRendererDX9.pdb' が 'EffekseerRendererDX9_vs2017_x64_d.lib(EffekseerRendererDX9.IndexBuffer.obj)' で、または 'Z:\life_game\game\x64\Debug\EffekseerRendererDX9.pdb' に見つかりません。デバッグ情報がないものとして、オブジェクトにリンクします。
EffekseerRendererDX9_vs2017_x64_d.lib(EffekseerRendererDX9.MaterialLoader.obj) : warning LNK4099: PDB 'EffekseerRendererDX9.pdb' が 'EffekseerRendererDX9_vs2017_x64_d.lib(EffekseerRendererDX9.MaterialLoader.obj)' で、または 'Z:\life_game\game\x64\Debug\EffekseerRendererDX9.pdb' に見つかりません。デバッグ情報がないものとして、オブジェクトにリンクします。
EffekseerRendererDX9_vs2017_x64_d.lib(EffekseerRendererDX9.ModelLoader.obj) : warning LNK4099: PDB 'EffekseerRendererDX9.pdb' が 'EffekseerRendererDX9_vs2017_x64_d.lib(EffekseerRendererDX9.ModelLoader.obj)' で、または 'Z:\life_game\game\x64\Debug\EffekseerRendererDX9.pdb' に見つかりません。デバッグ情報がないものとして、オブジェクトにリンクします。
EffekseerRendererDX9_vs2017_x64_d.lib(EffekseerRendererDX9.ModelRenderer.obj) : warning LNK4099: PDB 'EffekseerRendererDX9.pdb' が 'EffekseerRendererDX9_vs2017_x64_d.lib(EffekseerRendererDX9.ModelRenderer.obj)' で、または 'Z:\life_game\game\x64\Debug\EffekseerRendererDX9.pdb' に見つかりません。デバッグ情報がないものとして、オブジェクトにリンクします。
EffekseerRendererDX9_vs2017_x64_d.lib(EffekseerRendererDX9.RenderState.obj) : warning LNK4099: PDB 'EffekseerRendererDX9.pdb' が 'EffekseerRendererDX9_vs2017_x64_d.lib(EffekseerRendererDX9.RenderState.obj)' で、または 'Z:\life_game\game\x64\Debug\EffekseerRendererDX9.pdb' に見つかりません。デバッグ情報がないものとして、オブジェクトにリンクします。
EffekseerRendererDX9_vs2017_x64_d.lib(EffekseerRendererDX9.Renderer.obj) : warning LNK4099: PDB 'EffekseerRendererDX9.pdb' が 'EffekseerRendererDX9_vs2017_x64_d.lib(EffekseerRendererDX9.Renderer.obj)' で、または 'Z:\life_game\game\x64\Debug\EffekseerRendererDX9.pdb' に見つかりません。デバッグ情報がないものとして、オブジェクトにリンクします。
EffekseerRendererDX9_vs2017_x64_d.lib(EffekseerRendererDX9.Shader.obj) : warning LNK4099: PDB 'EffekseerRendererDX9.pdb' が 'EffekseerRendererDX9_vs2017_x64_d.lib(EffekseerRendererDX9.Shader.obj)' で、または 'Z:\life_game\game\x64\Debug\EffekseerRendererDX9.pdb' に見つかりません。デバッグ情報がないものとして、オブジェクトにリンクします。
EffekseerRendererDX9_vs2017_x64_d.lib(EffekseerRendererDX9.TextureLoader.obj) : warning LNK4099: PDB 'EffekseerRendererDX9.pdb' が 'EffekseerRendererDX9_vs2017_x64_d.lib(EffekseerRendererDX9.TextureLoader.obj)' で、または 'Z:\life_game\game\x64\Debug\EffekseerRendererDX9.pdb' に見つかりません。デバッグ情報がないものとして、オブジェクトにリンクします。
EffekseerRendererDX9_vs2017_x64_d.lib(EffekseerRendererDX9.VertexBuffer.obj) : warning LNK4099: PDB 'EffekseerRendererDX9.pdb' が 'EffekseerRendererDX9_vs2017_x64_d.lib(EffekseerRendererDX9.VertexBuffer.obj)' で、または 'Z:\life_game\game\x64\Debug\EffekseerRendererDX9.pdb' に見つかりません。デバッグ情報がないものとして、オブジェクトにリンクします。
EffekseerRendererDX9_vs2017_x64_d.lib(EffekseerMaterialCompilerDX9.obj) : warning LNK4099: PDB 'EffekseerRendererDX9.pdb' が 'EffekseerRendererDX9_vs2017_x64_d.lib(EffekseerMaterialCompilerDX9.obj)' で、または 'Z:\life_game\game\x64\Debug\EffekseerRendererDX9.pdb' に見つかりません。デバッグ情報がないものとして、オブジェクトにリンクします。
EffekseerRendererDX11_vs2017_x64_d.lib(EffekseerRendererDX11.DeviceObject.obj) : warning LNK4099: PDB 'EffekseerRendererDX11.pdb' が 'EffekseerRendererDX11_vs2017_x64_d.lib(EffekseerRendererDX11.DeviceObject.obj)' で、または 'Z:\life_game\game\x64\Debug\EffekseerRendererDX11.pdb' に見つかりません。デバッグ情報がないものとして、オブジェクトにリンクします。
EffekseerRendererDX11_vs2017_x64_d.lib(EffekseerRendererDX11.IndexBuffer.obj) : warning LNK4099: PDB 'EffekseerRendererDX11.pdb' が 'EffekseerRendererDX11_vs2017_x64_d.lib(EffekseerRendererDX11.IndexBuffer.obj)' で、または 'Z:\life_game\game\x64\Debug\EffekseerRendererDX11.pdb' に見つかりません。デバッグ情報がないものとして、オブジェクトにリンクします。
EffekseerRendererDX11_vs2017_x64_d.lib(EffekseerRendererDX11.MaterialLoader.obj) : warning LNK4099: PDB 'EffekseerRendererDX11.pdb' が 'EffekseerRendererDX11_vs2017_x64_d.lib(EffekseerRendererDX11.MaterialLoader.obj)' で、または 'Z:\life_game\game\x64\Debug\EffekseerRendererDX11.pdb' に見つかりません。デバッグ情報がないものとして、オブジェクトにリンクします。
EffekseerRendererDX11_vs2017_x64_d.lib(EffekseerRendererDX11.ModelLoader.obj) : warning LNK4099: PDB 'EffekseerRendererDX11.pdb' が 'EffekseerRendererDX11_vs2017_x64_d.lib(EffekseerRendererDX11.ModelLoader.obj)' で、または 'Z:\life_game\game\x64\Debug\EffekseerRendererDX11.pdb' に見つかりません。デバッグ情報がないものとして、オブジェクトにリンクします。
EffekseerRendererDX11_vs2017_x64_d.lib(EffekseerRendererDX11.ModelRenderer.obj) : warning LNK4099: PDB 'EffekseerRendererDX11.pdb' が 'EffekseerRendererDX11_vs2017_x64_d.lib(EffekseerRendererDX11.ModelRenderer.obj)' で、または 'Z:\life_game\game\x64\Debug\EffekseerRendererDX11.pdb' に見つかりません。デバッグ情報がないものとして、オブジェクトにリンクします。
EffekseerRendererDX11_vs2017_x64_d.lib(EffekseerRendererDX11.RenderState.obj) : warning LNK4099: PDB 'EffekseerRendererDX11.pdb' が 'EffekseerRendererDX11_vs2017_x64_d.lib(EffekseerRendererDX11.RenderState.obj)' で、または 'Z:\life_game\game\x64\Debug\EffekseerRendererDX11.pdb' に見つかりません。デバッグ情報がないものとして、オブジェクトにリンクします。
EffekseerRendererDX11_vs2017_x64_d.lib(EffekseerRendererDX11.Renderer.obj) : warning LNK4099: PDB 'EffekseerRendererDX11.pdb' が 'EffekseerRendererDX11_vs2017_x64_d.lib(EffekseerRendererDX11.Renderer.obj)' で、または 'Z:\life_game\game\x64\Debug\EffekseerRendererDX11.pdb' に見つかりません。デバッグ情報がないものとして、オブジェクトにリンクします。
EffekseerRendererDX11_vs2017_x64_d.lib(EffekseerRendererDX11.Shader.obj) : warning LNK4099: PDB 'EffekseerRendererDX11.pdb' が 'EffekseerRendererDX11_vs2017_x64_d.lib(EffekseerRendererDX11.Shader.obj)' で、または 'Z:\life_game\game\x64\Debug\EffekseerRendererDX11.pdb' に見つかりません。デバッグ情報がないものとして、オブジェクトにリンクします。
EffekseerRendererDX11_vs2017_x64_d.lib(EffekseerRendererDX11.TextureLoader.obj) : warning LNK4099: PDB 'EffekseerRendererDX11.pdb' が 'EffekseerRendererDX11_vs2017_x64_d.lib(EffekseerRendererDX11.TextureLoader.obj)' で、または 'Z:\life_game\game\x64\Debug\EffekseerRendererDX11.pdb' に見つかりません。デバッグ情報がないものとして、オブジェクトにリンクします。
EffekseerRendererDX11_vs2017_x64_d.lib(EffekseerRendererDX11.VertexBuffer.obj) : warning LNK4099: PDB 'EffekseerRendererDX11.pdb' が 'EffekseerRendererDX11_vs2017_x64_d.lib(EffekseerRendererDX11.VertexBuffer.obj)' で、または 'Z:\life_game\game\x64\Debug\EffekseerRendererDX11.pdb' に見つかりません。デバッグ情報がないものとして、オブジェクトにリンクします。
EffekseerRendererDX11_vs2017_x64_d.lib(EffekseerMaterialCompilerDX11.obj) : warning LNK4099: PDB 'EffekseerRendererDX11.pdb' が 'EffekseerRendererDX11_vs2017_x64_d.lib(EffekseerMaterialCompilerDX11.obj)' で、または 'Z:\life_game\game\x64\Debug\EffekseerRendererDX11.pdb' に見つかりません。デバッグ情報がないものとして、オブジェクトにリンクします。
EffekseerForDXLib_vs2017_x64_d.lib(EffekseerForDXLib.obj) : warning LNK4099: PDB 'EffekseerForDXLib_vs2017.pdb' が 'EffekseerForDXLib_vs2017_x64_d.lib(EffekseerForDXLib.obj)' で、または 'Z:\life_game\game\x64\Debug\EffekseerForDXLib_vs2017.pdb' に見つかりません。デバッグ情報がないものとして、オブジェクトにリンクします。
  TankFlanker.vcxproj -> Z:\life_game\game\x64\Debug\life_game.exe
